<?xml version="1.0" encoding="UTF-8"?>
<coverage generated="1728485882456" clover="3.2.0">
  <project timestamp="1728485882456" name="All files">
    <metrics statements="20" coveredstatements="20" conditionals="7" coveredconditionals="7" methods="1" coveredmethods="1" elements="28" coveredelements="28" complexity="0" loc="20" ncloc="20" packages="1" files="1" classes="1"/>
    <file name="justifyText.ts" path="E:\Personnel\TicTacTrip\src\utils\justifyText.ts">
      <metrics statements="20" coveredstatements="20" conditionals="7" coveredconditionals="7" methods="1" coveredmethods="1"/>
      <line num="1" count="1" type="cond" truecount="1" falsecount="0"/>
      <line num="2" count="3" type="stmt"/>
      <line num="3" count="3" type="stmt"/>
      <line num="4" count="3" type="stmt"/>
      <line num="5" count="3" type="stmt"/>
      <line num="6" count="3" type="stmt"/>
      <line num="7" count="3" type="cond" truecount="1" falsecount="0"/>
      <line num="8" count="318" type="cond" truecount="1" falsecount="0"/>
      <line num="9" count="23" type="stmt"/>
      <line num="10" count="23" type="stmt"/>
      <line num="11" count="318" type="cond" truecount="1" falsecount="0"/>
      <line num="12" count="295" type="cond" truecount="2" falsecount="0"/>
      <line num="13" count="295" type="stmt"/>
      <line num="14" count="3" type="stmt"/>
      <line num="15" count="3" type="stmt"/>
      <line num="16" count="3" type="cond" truecount="1" falsecount="0"/>
      <line num="17" count="2" type="stmt"/>
      <line num="18" count="2" type="stmt"/>
      <line num="19" count="3" type="stmt"/>
      <line num="20" count="3" type="stmt"/>
    </file>
  </project>
</coverage>
