<?xml version="1.0" encoding="UTF-8"?>
<coverage generated="1728489674532" clover="3.2.0">
  <project timestamp="1728489674532" name="All files">
    <metrics statements="46" coveredstatements="46" conditionals="8" coveredconditionals="8" methods="1" coveredmethods="1" elements="55" coveredelements="55" complexity="0" loc="46" ncloc="46" packages="1" files="1" classes="1"/>
    <file name="justifyText.ts" path="E:\Personnel\TicTacTrip\src\utils\justifyText.ts">
      <metrics statements="46" coveredstatements="46" conditionals="8" coveredconditionals="8" methods="1" coveredmethods="1"/>
      <line num="1" count="1" type="cond" truecount="1" falsecount="0"/>
      <line num="2" count="3" type="stmt"/>
      <line num="3" count="3" type="stmt"/>
      <line num="4" count="3" type="stmt"/>
      <line num="5" count="3" type="stmt"/>
      <line num="6" count="3" type="stmt"/>
      <line num="7" count="3" type="stmt"/>
      <line num="8" count="3" type="cond" truecount="1" falsecount="0"/>
      <line num="9" count="318" type="stmt"/>
      <line num="10" count="318" type="cond" truecount="1" falsecount="0"/>
      <line num="11" count="23" type="stmt"/>
      <line num="12" count="23" type="stmt"/>
      <line num="13" count="23" type="stmt"/>
      <line num="14" count="23" type="stmt"/>
      <line num="15" count="23" type="stmt"/>
      <line num="16" count="23" type="stmt"/>
      <line num="17" count="23" type="stmt"/>
      <line num="18" count="23" type="cond" truecount="1" falsecount="0"/>
      <line num="19" count="302" type="stmt"/>
      <line num="20" count="302" type="cond" truecount="1" falsecount="0"/>
      <line num="21" count="279" type="stmt"/>
      <line num="22" count="279" type="stmt"/>
      <line num="23" count="279" type="cond" truecount="2" falsecount="0"/>
      <line num="24" count="279" type="stmt"/>
      <line num="25" count="279" type="stmt"/>
      <line num="26" count="23" type="stmt"/>
      <line num="27" count="23" type="stmt"/>
      <line num="28" count="23" type="stmt"/>
      <line num="29" count="23" type="stmt"/>
      <line num="30" count="23" type="stmt"/>
      <line num="31" count="23" type="stmt"/>
      <line num="32" count="23" type="stmt"/>
      <line num="33" count="23" type="stmt"/>
      <line num="34" count="318" type="cond" truecount="1" falsecount="0"/>
      <line num="35" count="295" type="stmt"/>
      <line num="36" count="295" type="stmt"/>
      <line num="37" count="295" type="stmt"/>
      <line num="38" count="295" type="stmt"/>
      <line num="39" count="3" type="stmt"/>
      <line num="40" count="3" type="stmt"/>
      <line num="41" count="3" type="stmt"/>
      <line num="42" count="3" type="stmt"/>
      <line num="43" count="3" type="stmt"/>
      <line num="44" count="3" type="stmt"/>
      <line num="45" count="3" type="stmt"/>
      <line num="46" count="3" type="stmt"/>
    </file>
  </project>
</coverage>
