{"E:\\Personnel\\TicTacTrip\\src\\utils\\justifyText.ts": {"path":"E:\\Personnel\\TicTacTrip\\src\\utils\\justifyText.ts","all":false,"statementMap":{"0":{"start":{"line":1,"column":0},"end":{"line":1,"column":46}},"1":{"start":{"line":2,"column":0},"end":{"line":2,"column":58}},"2":{"start":{"line":3,"column":0},"end":{"line":3,"column":67}},"3":{"start":{"line":4,"column":0},"end":{"line":4,"column":63}},"4":{"start":{"line":5,"column":0},"end":{"line":5,"column":69}},"5":{"start":{"line":6,"column":0},"end":{"line":6,"column":64}},"6":{"start":{"line":7,"column":0},"end":{"line":7,"column":0}},"7":{"start":{"line":8,"column":0},"end":{"line":8,"column":27}},"8":{"start":{"line":9,"column":0},"end":{"line":9,"column":61}},"9":{"start":{"line":10,"column":0},"end":{"line":10,"column":75}},"10":{"start":{"line":11,"column":0},"end":{"line":11,"column":53}},"11":{"start":{"line":12,"column":0},"end":{"line":12,"column":77}},"12":{"start":{"line":13,"column":0},"end":{"line":13,"column":74}},"13":{"start":{"line":14,"column":0},"end":{"line":14,"column":73}},"14":{"start":{"line":15,"column":0},"end":{"line":15,"column":73}},"15":{"start":{"line":16,"column":0},"end":{"line":16,"column":0}},"16":{"start":{"line":17,"column":0},"end":{"line":17,"column":29}},"17":{"start":{"line":18,"column":0},"end":{"line":18,"column":44}},"18":{"start":{"line":19,"column":0},"end":{"line":19,"column":46}},"19":{"start":{"line":20,"column":0},"end":{"line":20,"column":27}},"20":{"start":{"line":21,"column":0},"end":{"line":21,"column":37}},"21":{"start":{"line":22,"column":0},"end":{"line":22,"column":38}},"22":{"start":{"line":23,"column":0},"end":{"line":23,"column":56}},"23":{"start":{"line":24,"column":0},"end":{"line":24,"column":12}},"24":{"start":{"line":25,"column":0},"end":{"line":25,"column":9}},"25":{"start":{"line":26,"column":0},"end":{"line":26,"column":9}},"26":{"start":{"line":27,"column":0},"end":{"line":27,"column":0}},"27":{"start":{"line":28,"column":0},"end":{"line":28,"column":51}},"28":{"start":{"line":29,"column":0},"end":{"line":29,"column":33}},"29":{"start":{"line":30,"column":0},"end":{"line":30,"column":0}},"30":{"start":{"line":31,"column":0},"end":{"line":31,"column":32}},"31":{"start":{"line":32,"column":0},"end":{"line":32,"column":27}},"32":{"start":{"line":33,"column":0},"end":{"line":33,"column":34}},"33":{"start":{"line":34,"column":0},"end":{"line":34,"column":12}},"34":{"start":{"line":35,"column":0},"end":{"line":35,"column":53}},"35":{"start":{"line":36,"column":0},"end":{"line":36,"column":29}},"36":{"start":{"line":37,"column":0},"end":{"line":37,"column":35}},"37":{"start":{"line":38,"column":0},"end":{"line":38,"column":5}},"38":{"start":{"line":39,"column":0},"end":{"line":39,"column":5}},"39":{"start":{"line":40,"column":0},"end":{"line":40,"column":0}},"40":{"start":{"line":41,"column":0},"end":{"line":41,"column":44}},"41":{"start":{"line":42,"column":0},"end":{"line":42,"column":37}},"42":{"start":{"line":43,"column":0},"end":{"line":43,"column":0}},"43":{"start":{"line":44,"column":0},"end":{"line":44,"column":44}},"44":{"start":{"line":45,"column":0},"end":{"line":45,"column":27}},"45":{"start":{"line":46,"column":0},"end":{"line":46,"column":2}}},"s":{"0":1,"1":3,"2":3,"3":3,"4":3,"5":3,"6":3,"7":3,"8":318,"9":318,"10":23,"11":23,"12":23,"13":23,"14":23,"15":23,"16":23,"17":23,"18":302,"19":302,"20":279,"21":279,"22":279,"23":279,"24":279,"25":23,"26":23,"27":23,"28":23,"29":23,"30":23,"31":23,"32":23,"33":318,"34":295,"35":295,"36":295,"37":295,"38":3,"39":3,"40":3,"41":3,"42":3,"43":3,"44":3,"45":3},"branchMap":{"0":{"type":"branch","line":1,"loc":{"start":{"line":1,"column":27},"end":{"line":46,"column":2}},"locations":[{"start":{"line":1,"column":27},"end":{"line":46,"column":2}}]},"1":{"type":"branch","line":8,"loc":{"start":{"line":8,"column":16},"end":{"line":39,"column":3}},"locations":[{"start":{"line":8,"column":16},"end":{"line":39,"column":3}}]},"2":{"type":"branch","line":10,"loc":{"start":{"line":10,"column":74},"end":{"line":34,"column":5}},"locations":[{"start":{"line":10,"column":74},"end":{"line":34,"column":5}}]},"3":{"type":"branch","line":34,"loc":{"start":{"line":34,"column":5},"end":{"line":38,"column":5}},"locations":[{"start":{"line":34,"column":5},"end":{"line":38,"column":5}}]},"4":{"type":"branch","line":18,"loc":{"start":{"line":18,"column":26},"end":{"line":26,"column":7}},"locations":[{"start":{"line":18,"column":26},"end":{"line":26,"column":7}}]},"5":{"type":"branch","line":20,"loc":{"start":{"line":20,"column":26},"end":{"line":25,"column":9}},"locations":[{"start":{"line":20,"column":26},"end":{"line":25,"column":9}}]},"6":{"type":"branch","line":23,"loc":{"start":{"line":23,"column":47},"end":{"line":23,"column":50}},"locations":[{"start":{"line":23,"column":47},"end":{"line":23,"column":50}}]},"7":{"type":"branch","line":23,"loc":{"start":{"line":23,"column":51},"end":{"line":23,"column":54}},"locations":[{"start":{"line":23,"column":51},"end":{"line":23,"column":54}}]}},"b":{"0":[3],"1":[318],"2":[23],"3":[295],"4":[302],"5":[279],"6":[76],"7":[203]},"fnMap":{"0":{"name":"justifyText","decl":{"start":{"line":1,"column":27},"end":{"line":46,"column":2}},"loc":{"start":{"line":1,"column":27},"end":{"line":46,"column":2}},"line":1}},"f":{"0":3}}
}
