TN:
SF:src\utils\justifyText.ts
FN:1,justifyText
FNF:1
FNH:1
FNDA:3,justifyText
DA:1,1
DA:2,3
DA:3,3
DA:4,3
DA:5,3
DA:6,3
DA:7,3
DA:8,3
DA:9,318
DA:10,318
DA:11,23
DA:12,23
DA:13,23
DA:14,23
DA:15,23
DA:16,23
DA:17,23
DA:18,23
DA:19,302
DA:20,302
DA:21,279
DA:22,279
DA:23,279
DA:24,279
DA:25,279
DA:26,23
DA:27,23
DA:28,23
DA:29,23
DA:30,23
DA:31,23
DA:32,23
DA:33,23
DA:34,318
DA:35,295
DA:36,295
DA:37,295
DA:38,295
DA:39,3
DA:40,3
DA:41,3
DA:42,3
DA:43,3
DA:44,3
DA:45,3
DA:46,3
LF:46
LH:46
BRDA:1,0,0,3
BRDA:8,1,0,318
BRDA:10,2,0,23
BRDA:34,3,0,295
BRDA:18,4,0,302
BRDA:20,5,0,279
BRDA:23,6,0,76
BRDA:23,7,0,203
BRF:8
BRH:8
end_of_record
